# JRE version: Java(TM) SE Runtime Environment 18.9 (11.0.9+7) (build 11.0.9+7-LTS)
# Java VM: Java HotSpot(TM) 64-Bit Server VM 18.9 (11.0.9+7-LTS, mixed mode, tiered, compressed oops, g1 gc, bsd-amd64)
Heap:
 garbage-first heap   total 262144K, used 37222K [0x00000007e0000000, 0x0000000800000000)
  region size 1024K, 25 young (25600K), 2 survivors (2048K)
 Metaspace       used 24042K, capacity 24414K, committed 25008K, reserved 1071104K
  class space    used 2438K, capacity 2547K, committed 2560K, reserved 1048576K
GC Heap History (10 events):
Event: 1.461 GC heap before
{Heap before GC invocations=3 (full 0):
 garbage-first heap   total 262144K, used 168915K [0x00000007e0000000, 0x0000000800000000)
  region size 1024K, 153 young (156672K), 2 survivors (2048K)
 Metaspace       used 19734K, capacity 20057K, committed 20480K, reserved 1069056K
  class space    used 1625K, capacity 1733K, committed 1792K, reserved 1048576K
}
Event: 1.467 GC heap after
{Heap after GC invocations=4 (full 0):
 garbage-first heap   total 262144K, used 14294K [0x00000007e0000000, 0x0000000800000000)
  region size 1024K, 2 young (2048K), 2 survivors (2048K)
 Metaspace       used 19734K, capacity 20057K, committed 20480K, reserved 1069056K
  class space    used 1625K, capacity 1733K, committed 1792K, reserved 1048576K
}
Event: 1.847 GC heap before
{Heap before GC invocations=4 (full 0):
 garbage-first heap   total 262144K, used 168918K [0x00000007e0000000, 0x0000000800000000)
  region size 1024K, 153 young (156672K), 2 survivors (2048K)
 Metaspace       used 19788K, capacity 20057K, committed 20480K, reserved 1069056K
  class space    used 1635K, capacity 1733K, committed 1792K, reserved 1048576K
}
Event: 1.849 GC heap after
{Heap after GC invocations=5 (full 0):
 garbage-first heap   total 262144K, used 14395K [0x00000007e0000000, 0x0000000800000000)
  region size 1024K, 2 young (2048K), 2 survivors (2048K)
 Metaspace       used 19788K, capacity 20057K, committed 20480K, reserved 1069056K
  class space    used 1635K, capacity 1733K, committed 1792K, reserved 1048576K
}
Event: 2.369 GC heap before
{Heap before GC invocations=5 (full 0):
 garbage-first heap   total 262144K, used 169019K [0x00000007e0000000, 0x0000000800000000)
  region size 1024K, 153 young (156672K), 2 survivors (2048K)
 Metaspace       used 20128K, capacity 20377K, committed 20992K, reserved 1069056K
  class space    used 1656K, capacity 1733K, committed 1792K, reserved 1048576K
}
Event: 2.373 GC heap after
{Heap after GC invocations=6 (full 0):
 garbage-first heap   total 262144K, used 14697K [0x00000007e0000000, 0x0000000800000000)
  region size 1024K, 2 young (2048K), 2 survivors (2048K)
 Metaspace       used 20128K, capacity 20377K, committed 20992K, reserved 1069056K
  class space    used 1656K, capacity 1733K, committed 1792K, reserved 1048576K
}
Event: 2.674 GC heap before
{Heap before GC invocations=6 (full 0):
 garbage-first heap   total 262144K, used 169321K [0x00000007e0000000, 0x0000000800000000)
  region size 1024K, 153 young (156672K), 2 survivors (2048K)
 Metaspace       used 20128K, capacity 20377K, committed 20992K, reserved 1069056K
  class space    used 1656K, capacity 1733K, committed 1792K, reserved 1048576K
}
Event: 2.682 GC heap after
{Heap after GC invocations=7 (full 0):
 garbage-first heap   total 262144K, used 14697K [0x00000007e0000000, 0x0000000800000000)
  region size 1024K, 2 young (2048K), 2 survivors (2048K)
 Metaspace       used 20128K, capacity 20377K, committed 20992K, reserved 1069056K
  class space    used 1656K, capacity 1733K, committed 1792K, reserved 1048576K
}
Event: 2.875 GC heap before
{Heap before GC invocations=7 (full 0):
 garbage-first heap   total 262144K, used 84329K [0x00000007e0000000, 0x0000000800000000)
  region size 1024K, 71 young (72704K), 2 survivors (2048K)
 Metaspace       used 20576K, capacity 20825K, committed 21296K, reserved 1069056K
  class space    used 1770K, capacity 1861K, committed 1920K, reserved 1048576K
}
Event: 2.880 GC heap after
{Heap after GC invocations=8 (full 0):
 garbage-first heap   total 262144K, used 14694K [0x00000007e0000000, 0x0000000800000000)
  region size 1024K, 2 young (2048K), 2 survivors (2048K)
 Metaspace       used 20576K, capacity 20825K, committed 21296K, reserved 1069056K
  class space    used 1770K, capacity 1861K, committed 1920K, reserved 1048576K
}

